{
  "RSpec": {
    "coverage": {
      "/Users/David/turing/2module/projects/exotic_pet_shop/spec/features/user_can_add_animal_to_carts_spec.rb": [
        1,
        null,
        1,
        1,
        1,
        1,
        null,
        1,
        null,
        1,
        null,
        1,
        null,
        1,
        1,
        null,
        1,
        1,
        1,
        1,
        null,
        null,
        1,
        1,
        1,
        null,
        null,
        null,
        null,
        null,
        1,
        null,
        1,
        null,
        1,
        null,
        1,
        1,
        1,
        1,
        1,
        null,
        null,
        null
      ],
      "/Users/David/turing/2module/projects/exotic_pet_shop/spec/rails_helper.rb": [
        null,
        1,
        1,
        null,
        1,
        1,
        1,
        1,
        null,
        null,
        null,
        null,
        null,
        null,
        null,
        null,
        null,
        null,
        null,
        null,
        null,
        null,
        null,
        null,
        null,
        null,
        null,
        1,
        null,
        1,
        null,
        1,
        null,
        null,
        null,
        null,
        1,
        null,
        null,
        null,
        null,
        null,
        null,
        null,
        null,
        null,
        null,
        null,
        null,
        null,
        null,
        1,
        null,
        null,
        1,
        null,
        null,
        null
      ],
      "/Users/David/turing/2module/projects/exotic_pet_shop/config/environment.rb": [
        null,
        1,
        null,
        null,
        1
      ],
      "/Users/David/turing/2module/projects/exotic_pet_shop/config/application.rb": [
        1,
        null,
        1,
        null,
        1,
        1,
        1,
        1,
        1,
        1,
        1,
        null,
        null,
        null,
        null,
        1,
        null,
        1,
        1,
        null,
        null,
        null,
        null,
        null,
        null,
        null,
        null,
        null,
        null,
        null,
        null,
        null,
        1,
        null,
        null
      ],
      "/Users/David/turing/2module/projects/exotic_pet_shop/config/boot.rb": [
        1,
        null,
        1
      ],
      "/Users/David/turing/2module/projects/exotic_pet_shop/config/environments/test.rb": [
        1,
        null,
        null,
        null,
        null,
        null,
        null,
        1,
        null,
        null,
        null,
        null,
        1,
        null,
        null,
        1,
        1,
        null,
        null,
        1,
        1,
        null,
        null,
        1,
        null,
        null,
        1,
        null,
        null,
        null,
        null,
        1,
        null,
        null,
        1,
        null,
        null,
        1,
        null,
        null,
        null,
        null
      ],
      "/Users/David/turing/2module/projects/exotic_pet_shop/config/initializers/assets.rb": [
        null,
        null,
        null,
        1,
        null,
        null,
        null,
        null,
        null,
        null,
        null
      ],
      "/Users/David/turing/2module/projects/exotic_pet_shop/config/initializers/backtrace_silencers.rb": [
        null,
        null,
        null,
        null,
        null,
        null,
        null
      ],
      "/Users/David/turing/2module/projects/exotic_pet_shop/config/initializers/cookies_serializer.rb": [
        null,
        null,
        1
      ],
      "/Users/David/turing/2module/projects/exotic_pet_shop/config/initializers/filter_parameter_logging.rb": [
        null,
        null,
        null,
        1
      ],
      "/Users/David/turing/2module/projects/exotic_pet_shop/config/initializers/inflections.rb": [
        null,
        null,
        null,
        null,
        null,
        null,
        null,
        null,
        null,
        null,
        null,
        null,
        null,
        null,
        null,
        null
      ],
      "/Users/David/turing/2module/projects/exotic_pet_shop/config/initializers/mime_types.rb": [
        null,
        null,
        null,
        null
      ],
      "/Users/David/turing/2module/projects/exotic_pet_shop/config/initializers/session_store.rb": [
        null,
        null,
        1
      ],
      "/Users/David/turing/2module/projects/exotic_pet_shop/config/initializers/wrap_parameters.rb": [
        null,
        null,
        null,
        null,
        null,
        null,
        1,
        1,
        null,
        null,
        null,
        null,
        null,
        null
      ],
      "/Users/David/turing/2module/projects/exotic_pet_shop/config/routes.rb": [
        1,
        1,
        null,
        1,
        null,
        1,
        null,
        1,
        null,
        1,
        null,
        null
      ],
      "/Users/David/turing/2module/projects/exotic_pet_shop/app/helpers/application_helper.rb": [
        1,
        null
      ],
      "/Users/David/turing/2module/projects/exotic_pet_shop/spec/features/user_can_remove_animal_from_cart_spec.rb": [
        1,
        null,
        1,
        1,
        1,
        1,
        null,
        1,
        null,
        1,
        1,
        null,
        1,
        null,
        1,
        0,
        null,
        0,
        null,
        0,
        0,
        0,
        null,
        0,
        null,
        0,
        null,
        null,
        null,
        null,
        null,
        null,
        null,
        null,
        null,
        null,
        null,
        null,
        null
      ],
      "/Users/David/turing/2module/projects/exotic_pet_shop/spec/features/user_can_see_animals_spec.rb": [
        1,
        null,
        1,
        1,
        1,
        1,
        1,
        null,
        1,
        null,
        1,
        1,
        null,
        null,
        1,
        1,
        1,
        null,
        1,
        null,
        1,
        null,
        1,
        1,
        1,
        null,
        null,
        1,
        1,
        1,
        null,
        1,
        null,
        1,
        null,
        1,
        1,
        null,
        null
      ],
      "/Users/David/turing/2module/projects/exotic_pet_shop/spec/features/user_can_see_categories_spec.rb": [
        1,
        null,
        1,
        1,
        1,
        null,
        1,
        null,
        1,
        null,
        1,
        null,
        1,
        null,
        null,
        null
      ],
      "/Users/David/turing/2module/projects/exotic_pet_shop/spec/models/animal_spec.rb": [
        1,
        null,
        1,
        1,
        null
      ],
      "/Users/David/turing/2module/projects/exotic_pet_shop/app/models/animal.rb": [
        1,
        1,
        null
      ],
      "/Users/David/turing/2module/projects/exotic_pet_shop/spec/models/cart_spec.rb": [
        1,
        null,
        1,
        1,
        1,
        null,
        1,
        null,
        null,
        1,
        1,
        null,
        1,
        null,
        null,
        1,
        1,
        null,
        1,
        1,
        null,
        1,
        null,
        null,
        1,
        1,
        null,
        1,
        null,
        null,
        1,
        1,
        null,
        1,
        null,
        null
      ],
      "/Users/David/turing/2module/projects/exotic_pet_shop/spec/models/category_spec.rb": [
        1,
        null,
        1,
        1,
        null
      ],
      "/Users/David/turing/2module/projects/exotic_pet_shop/app/models/category.rb": [
        1,
        null,
        1,
        null,
        1,
        null,
        1,
        null,
        1,
        null,
        1,
        7,
        null,
        null,
        1,
        0,
        null,
        null,
        null
      ],
      "/Users/David/turing/2module/projects/exotic_pet_shop/app/controllers/animals_controller.rb": [
        1,
        1,
        9,
        null,
        null,
        1,
        1,
        null,
        null
      ],
      "/Users/David/turing/2module/projects/exotic_pet_shop/app/controllers/application_controller.rb": [
        1,
        1,
        null,
        1,
        null,
        1,
        22,
        null,
        null
      ],
      "/Users/David/turing/2module/projects/exotic_pet_shop/app/models/cart.rb": [
        1,
        1,
        null,
        1,
        27,
        null,
        null,
        1,
        7,
        7,
        null,
        null,
        1,
        18,
        null,
        null,
        1,
        10,
        null,
        null,
        1,
        2,
        2,
        null,
        2,
        null,
        null
      ],
      "/Users/David/turing/2module/projects/exotic_pet_shop/app/controllers/cart_animals_controller.rb": [
        1,
        1,
        null,
        1,
        5,
        5,
        5,
        5,
        5,
        null,
        null,
        1,
        null,
        null
      ],
      "/Users/David/turing/2module/projects/exotic_pet_shop/app/controllers/categories_controller.rb": [
        1,
        1,
        2,
        null,
        null,
        1,
        3,
        null,
        null
      ]
    },
    "timestamp": 1469579675
  }
}
